26-01-22 01:53:11.103
name: Leanne Graham;
26-01-22 01:53:11.113
name: Ervin Howell;
26-01-22 01:53:11.113
name: Clementine Bauch;
26-01-22 01:53:11.114
name: Mrs. Dennis Schulist;
26-01-22 01:53:11.115
name: Kurtis Weissnat;
26-01-22 01:53:11.114
name: Patricia Lebsack;
26-01-22 01:53:11.115
name: Nicholas Runolfsdottir V;
26-01-22 01:53:11.115
name: Glenna Reichert;
26-01-22 01:53:11.115
name: Clementina DuBuque;
26-01-22 01:53:11.114
name: Chelsey Dietrich;
21-05-22 04:47:04.361
name: Leanne Graham;
21-05-22 04:47:04.371
name: Ervin Howell;
21-05-22 04:47:04.372
name: Patricia Lebsack;
21-05-22 04:47:04.372
name: Chelsey Dietrich;
21-05-22 04:47:04.372
name: Clementine Bauch;
21-05-22 04:47:04.373
name: Mrs. Dennis Schulist;
21-05-22 04:47:04.373
name: Nicholas Runolfsdottir V;
21-05-22 04:47:04.374
name: Clementina DuBuque;
21-05-22 04:47:04.373
name: Kurtis Weissnat;
21-05-22 04:47:04.373
name: Glenna Reichert;
21-05-22 04:47:22.947
name: Leanne Graham;
21-05-22 04:47:22.952
name: Ervin Howell;
21-05-22 04:47:22.952
name: Clementine Bauch;
21-05-22 04:47:22.952
name: Chelsey Dietrich;
21-05-22 04:47:22.952
name: Patricia Lebsack;
21-05-22 04:47:22.952
name: Mrs. Dennis Schulist;
21-05-22 04:47:22.953
name: Kurtis Weissnat;
21-05-22 04:47:22.953
name: Nicholas Runolfsdottir V;
21-05-22 04:47:22.953
name: Glenna Reichert;
21-05-22 04:47:22.953
name: Clementina DuBuque;
29-06-22 12:49:48.263
name: Leanne Graham;
29-06-22 12:49:48.271
name: Ervin Howell;
29-06-22 12:49:48.272
name: Patricia Lebsack;
29-06-22 12:49:48.272
name: Clementine Bauch;
29-06-22 12:49:48.273
name: Chelsey Dietrich;
29-06-22 12:49:48.273
name: Mrs. Dennis Schulist;
29-06-22 12:49:48.273
name: Nicholas Runolfsdottir V;
29-06-22 12:49:48.273
name: Kurtis Weissnat;
29-06-22 12:49:48.273
name: Clementina DuBuque;
29-06-22 12:49:48.273
name: Glenna Reichert;
29-06-22 12:50:12.522
name: Leanne Graham;
29-06-22 12:50:12.524
name: Ervin Howell;
29-06-22 12:50:12.525
name: Clementine Bauch;
29-06-22 12:50:12.525
name: Patricia Lebsack;
29-06-22 12:50:12.525
name: Chelsey Dietrich;
29-06-22 12:50:12.525
name: Mrs. Dennis Schulist;
29-06-22 12:50:12.525
name: Kurtis Weissnat;
29-06-22 12:50:12.525
name: Nicholas Runolfsdottir V;
29-06-22 12:50:12.525
name: Glenna Reichert;
29-06-22 12:50:12.526
name: Clementina DuBuque;
29-06-22 12:50:40.791
name: Leanne Graham;
29-06-22 12:50:40.795
name: Ervin Howell;
29-06-22 12:50:40.795
name: Clementine Bauch;
29-06-22 12:50:40.796
name: Patricia Lebsack;
29-06-22 12:50:40.796
name: Chelsey Dietrich;
29-06-22 12:50:40.796
name: Mrs. Dennis Schulist;
29-06-22 12:50:40.796
name: Kurtis Weissnat;
29-06-22 12:50:40.796
name: Nicholas Runolfsdottir V;
29-06-22 12:50:40.797
name: Glenna Reichert;
29-06-22 12:50:40.797
name: Clementina DuBuque;
28-07-22 02:33:41.040
name: Leanne Graham;
28-07-22 02:33:41.045
name: Clementine Bauch;
28-07-22 02:33:41.046
name: Mrs. Dennis Schulist;
28-07-22 02:33:41.046
name: Kurtis Weissnat;
28-07-22 02:33:41.046
name: Nicholas Runolfsdottir V;
28-07-22 02:33:41.045
name: Patricia Lebsack;
28-07-22 02:33:41.044
name: Ervin Howell;
28-07-22 02:33:41.045
name: Chelsey Dietrich;
28-07-22 02:33:41.046
name: Clementina DuBuque;
28-07-22 02:33:41.046
name: Glenna Reichert;
28-07-22 02:33:55.302
name: Leanne Graham;
28-07-22 02:33:55.305
name: Ervin Howell;
28-07-22 02:33:55.305
name: Clementine Bauch;
28-07-22 02:33:55.305
name: Patricia Lebsack;
28-07-22 02:33:55.305
name: Chelsey Dietrich;
28-07-22 02:33:55.305
name: Mrs. Dennis Schulist;
28-07-22 02:33:55.305
name: Kurtis Weissnat;
28-07-22 02:33:55.306
name: Nicholas Runolfsdottir V;
28-07-22 02:33:55.306
name: Glenna Reichert;
28-07-22 02:33:55.306
name: Clementina DuBuque;
28-07-22 02:34:11.262
name: Leanne Graham;
28-07-22 02:34:11.264
name: Ervin Howell;
28-07-22 02:34:11.264
name: Clementine Bauch;
28-07-22 02:34:11.265
name: Patricia Lebsack;
28-07-22 02:34:11.265
name: Chelsey Dietrich;
28-07-22 02:34:11.265
name: Mrs. Dennis Schulist;
28-07-22 02:34:11.265
name: Kurtis Weissnat;
28-07-22 02:34:11.265
name: Nicholas Runolfsdottir V;
28-07-22 02:34:11.265
name: Glenna Reichert;
28-07-22 02:34:11.265
name: Clementina DuBuque;
